xrun(64): 25.09-s002: (c) Copyright 1995-2025 Cadence Design Systems, Inc.
TOOL:	xrun(64)	25.09-s002: Started on Feb 21, 2026 at 03:01:24 PST
xrun
	-64bit
	-sv
	-f scripts/xcelium/files.f
		axi_lite/interface.sv
		axi_lite/address_decoder.sv
		axi_lite/rr_arbiter.sv
		axi_lite/bridge_1x1.sv
		axi_lite/bridge_1xM.sv
		axi_lite/bridge_Nx1.sv
		tb/axi_lite_mem_slave.sv
		tb/tb_bridge_1xM.sv
		tb/tb_bridge_Nx1.sv
	-top tb_bridge_1xM
	-input scripts/xcelium/run_1xM.tcl
Recompiling... reason: file './axi_lite/bridge_1xM.sv' is newer than expected.
	expected: Sat Feb 21 02:53:48 2026
	actual:   Sat Feb 21 03:01:22 2026
file: axi_lite/bridge_1xM.sv
	module worklib.bridge_1xM:sv
		errors: 0, warnings: 0
	Elaborating the design hierarchy:
		Caching library 'worklib' ....... Done
	Top level design units:
		worklib.tb_bridge_1xM:sv (module)
	Modules w/wo timescales:
		timescale of worklib.tb_bridge_1xM:sv = 1ns/1ps
		timescale of worklib.bridge_1xM:sv = NOTSET
		timescale of worklib.axi_lite_mem_slave:sv = NOTSET
		timescale of worklib.axi_lite_if:sv = NOTSET
		timescale of worklib.addr_decoder:sv = NOTSET
xmelab: *F,CUMSTS: Timescale directive missing on one or more modules.
xrun: *E,ELBERR: Error (*E) or soft error (*SE) occurred during elaboration (status 2), exiting.
TOOL:	xrun(64)	25.09-s002: Exiting on Feb 21, 2026 at 03:01:24 PST  (total: 00:00:00)
