# ----------------------------------------
# Jasper Version Info
# tool      : Jasper 2024.12
# platform  : Linux 4.18.0-553.104.1.el8_10.x86_64
# version   : 2024.12p002 64 bits
# build date: 2025.02.26 14:36:14 UTC
# ----------------------------------------
# started   : 2026-02-22 06:23:28 PST
# hostname  : eda-1.EECS.Berkeley.EDU.(none)
# pid       : 4168721
# arguments : '-label' 'session_0' '-console' '//127.0.0.1:43405' '-style' 'windows' '-data' 'AAAAXHicY2RgYLCp////PwMYMD6A0Aw2jAyoAMRnQhUJbEChGRhYUbUAAL9fBoQ=' '-proj' '/scratch/cs199-akc/NoC-experiments/jgproject/sessionLogs/session_0' '-init' '-hidden' '/scratch/cs199-akc/NoC-experiments/jgproject/.tmp/.initCmds.tcl'

Any disclosure about the Cadence Design Systems software or its use
model to any third party violates the written Non-Disclosure Agreement
between Cadence Design Systems, Inc. and the customer.

THIS SOFTWARE CONTAINS CONFIDENTIAL INFORMATION AND TRADE SECRETS OF
CADENCE DESIGN SYSTEMS, INC. USE, DISCLOSURE, OR REPRODUCTION IS
PROHIBITED WITHOUT THE PRIOR EXPRESS WRITTEN PERMISSION OF CADENCE
DESIGN SYSTEMS, INC.

Copyright (C) 2000-2024 Cadence Design Systems, Inc. All Rights
Reserved.  Unpublished -- rights reserved under the copyright laws of
the United States.

This product includes software developed by others and redistributed
according to license agreement. See doc/third_party_readme.txt for
further details.

RESTRICTED RIGHTS LEGEND

Use, duplication, or disclosure by the Government is subject to
restrictions as set forth in subparagraph (c) (1) (ii) of the Rights in
Technical Data and Computer Software clause at DFARS 252.227-7013 or
subparagraphs (c) (1) and (2) of Commercial Computer Software -- Restricted
Rights at 48 CFR 52.227-19, as applicable.


                          Cadence Design Systems, Inc.
                          2655 Seely Avenue
                          San Jose, CA 95134
                          Phone: 408.943.1234

For technical assistance visit http://support.cadence.com.

Jasper Apps Analysis Session - /scratch/cs199-akc/NoC-experiments/jgproject/sessionLogs/session_0

INFO: successfully checked out licenses "jasper_interactive" and "jasper_fao".
INFO: reading configuration file "/home/aa/users/cs199-akc/.config/cadence/jasper.conf".
% analyze -verilog {/scratch/cs199-akc/NoC-experiments/axi_lite/address_decoder.sv} ; analyze -verilog {/scratch/cs199-akc/NoC-experiments/axi_lite/bridge_1x1.sv} ; analyze -verilog {/scratch/cs199-akc/NoC-experiments/axi_lite/bridge_1xM.sv} ; analyze -verilog {/scratch/cs199-akc/NoC-experiments/axi_lite/bridge_Nx1.sv} ; analyze -verilog {/scratch/cs199-akc/NoC-experiments/axi_lite/fifo.sv} ; analyze -verilog {/scratch/cs199-akc/NoC-experiments/axi_lite/interface.sv} ; analyze -verilog {/scratch/cs199-akc/NoC-experiments/axi_lite/rr_arbiter.sv} ; 
[-- (VERI-1482)] Analyzing Verilog file '/scratch/cs199-akc/NoC-experiments/axi_lite/address_decoder.sv'
[ERROR (VERI-1137)] /scratch/cs199-akc/NoC-experiments/axi_lite/address_decoder.sv(21): syntax error near 'for'
[ERROR (VERI-2344)] /scratch/cs199-akc/NoC-experiments/axi_lite/address_decoder.sv(21): Verilog 95 keyword 'for' used in incorrect context
[WARN (VERI-2050)] /scratch/cs199-akc/NoC-experiments/axi_lite/address_decoder.sv(21): extra semicolon is not allowed here in this dialect; use SystemVerilog mode instead
[ERROR (VERI-1137)] /scratch/cs199-akc/NoC-experiments/axi_lite/address_decoder.sv(28): syntax error near 'integer'
[ERROR (VERI-2344)] /scratch/cs199-akc/NoC-experiments/axi_lite/address_decoder.sv(28): Verilog 95 keyword 'integer' used in incorrect context
[ERROR (VERI-1556)] /scratch/cs199-akc/NoC-experiments/axi_lite/address_decoder.sv(19): 'genvar' is an unknown type
[ERROR (VERI-1188)] /scratch/cs199-akc/NoC-experiments/axi_lite/address_decoder.sv(22): 'g' is not a constant
[ERROR (VERI-1188)] /scratch/cs199-akc/NoC-experiments/axi_lite/address_decoder.sv(22): 'g' is not a constant
[ERROR (VERI-1952)] /scratch/cs199-akc/NoC-experiments/axi_lite/address_decoder.sv(22): range must be bounded by constant expressions
[ERROR (VERI-1188)] /scratch/cs199-akc/NoC-experiments/axi_lite/address_decoder.sv(23): 'g' is not a constant
[ERROR (VERI-1188)] /scratch/cs199-akc/NoC-experiments/axi_lite/address_decoder.sv(23): 'g' is not a constant
[ERROR (VERI-1952)] /scratch/cs199-akc/NoC-experiments/axi_lite/address_decoder.sv(23): range must be bounded by constant expressions
[ERROR (VERI-1188)] /scratch/cs199-akc/NoC-experiments/axi_lite/address_decoder.sv(24): 'g' is not a constant
[ERROR (VERI-1128)] /scratch/cs199-akc/NoC-experiments/axi_lite/address_decoder.sv(32): 'i' is not declared
[ERROR (VERI-1128)] /scratch/cs199-akc/NoC-experiments/axi_lite/address_decoder.sv(32): 'i' is not declared
[ERROR (VERI-1128)] /scratch/cs199-akc/NoC-experiments/axi_lite/address_decoder.sv(32): 'i' is not declared
[ERROR (VERI-1128)] /scratch/cs199-akc/NoC-experiments/axi_lite/address_decoder.sv(32): 'i' is not declared
[ERROR (VERI-1128)] /scratch/cs199-akc/NoC-experiments/axi_lite/address_decoder.sv(33): 'i' is not declared
[ERROR (VERI-1128)] /scratch/cs199-akc/NoC-experiments/axi_lite/address_decoder.sv(34): 'i' is not declared
[ERROR (VERI-1072)] /scratch/cs199-akc/NoC-experiments/axi_lite/address_decoder.sv(41): module 'addr_decoder' is ignored due to previous errors
Summary of errors detected:
	[ERROR (VERI-1137)] /scratch/cs199-akc/NoC-experiments/axi_lite/address_decoder.sv(21): syntax error near 'for'
	[ERROR (VERI-2344)] /scratch/cs199-akc/NoC-experiments/axi_lite/address_decoder.sv(21): Verilog 95 keyword 'for' used in incorrect context
	[ERROR (VERI-1137)] /scratch/cs199-akc/NoC-experiments/axi_lite/address_decoder.sv(28): syntax error near 'integer'
	[ERROR (VERI-2344)] /scratch/cs199-akc/NoC-experiments/axi_lite/address_decoder.sv(28): Verilog 95 keyword 'integer' used in incorrect context
	[ERROR (VERI-1556)] /scratch/cs199-akc/NoC-experiments/axi_lite/address_decoder.sv(19): 'genvar' is an unknown type
	[ERROR (VERI-1188)] /scratch/cs199-akc/NoC-experiments/axi_lite/address_decoder.sv(22): 'g' is not a constant
	[ERROR (VERI-1188)] /scratch/cs199-akc/NoC-experiments/axi_lite/address_decoder.sv(22): 'g' is not a constant
	[ERROR (VERI-1952)] /scratch/cs199-akc/NoC-experiments/axi_lite/address_decoder.sv(22): range must be bounded by constant expressions
	[ERROR (VERI-1188)] /scratch/cs199-akc/NoC-experiments/axi_lite/address_decoder.sv(23): 'g' is not a constant
	[ERROR (VERI-1188)] /scratch/cs199-akc/NoC-experiments/axi_lite/address_decoder.sv(23): 'g' is not a constant
	[ERROR (VERI-1952)] /scratch/cs199-akc/NoC-experiments/axi_lite/address_decoder.sv(23): range must be bounded by constant expressions
	[ERROR (VERI-1188)] /scratch/cs199-akc/NoC-experiments/axi_lite/address_decoder.sv(24): 'g' is not a constant
	[ERROR (VERI-1128)] /scratch/cs199-akc/NoC-experiments/axi_lite/address_decoder.sv(32): 'i' is not declared
	[ERROR (VERI-1128)] /scratch/cs199-akc/NoC-experiments/axi_lite/address_decoder.sv(32): 'i' is not declared
	[ERROR (VERI-1128)] /scratch/cs199-akc/NoC-experiments/axi_lite/address_decoder.sv(32): 'i' is not declared
	[ERROR (VERI-1128)] /scratch/cs199-akc/NoC-experiments/axi_lite/address_decoder.sv(32): 'i' is not declared
	[ERROR (VERI-1128)] /scratch/cs199-akc/NoC-experiments/axi_lite/address_decoder.sv(33): 'i' is not declared
	[ERROR (VERI-1128)] /scratch/cs199-akc/NoC-experiments/axi_lite/address_decoder.sv(34): 'i' is not declared
	[ERROR (VERI-1072)] /scratch/cs199-akc/NoC-experiments/axi_lite/address_decoder.sv(41): module 'addr_decoder' is ignored due to previous errors
ERROR (ENL034): 19 errors detected in the design file(s).


